<?xml version="1.0" encoding="UTF-8"?>
<testsuite xmlns:xsi="http://www.w3.org/2001/XMLSchema-instance" xsi:noNamespaceSchemaLocation="https://maven.apache.org/surefire/maven-failsafe-plugin/xsd/failsafe-test-report-3.0.xsd" version="3.0" name="starter.CucumberTestSuite" time="2.26" tests="1" errors="1" skipped="0" failures="0">
  <properties>
[...]
</properties>
  <testcase name="Searching for a term" classname="Search by keyword" time="1.611">
    <error type="net.thucydides.core.webdriver.DriverConfigurationError"><![CDATA[net.thucydides.core.webdriver.DriverConfigurationError: Could not instantiate class org.openqa.selenium.chrome.ChromeDriver
Caused by: net.thucydides.core.webdriver.DriverConfigurationError: 
WebDriver was unable to create a new instance of type class org.openqa.selenium.chrome.ChromeDriver
WebDriver reported the following message: Could not start a new session. Response code 500. Message: unknown error: cannot find Chrome binary 
Host info: host: 'Dishalis-MacBook-Air.local', ip: 'fda0:b8b8:a6c8:f089:cf1:14aa:f9fb:c9cb%en0'
Build info: version: '4.8.1', revision: '8ebccac989'
System info: os.name: 'Mac OS X', os.arch: 'aarch64', os.version: '13.2.1', java.version: '11.0.18'
Driver info: org.openqa.selenium.chrome.ChromeDriver
Command: [null, newSession {capabilities=[Capabilities {acceptInsecureCerts: true, browserName: chrome, goog:chromeOptions: {args: [remote-allow-origins=*, test-type, no-sandbox, ignore-certificate-errors, --window-size=1000,800, incognito, disable-infobars, disable-gpu, disable-default-apps, disable-popup-blocking, remote-allow-origins=*, test-type, no-sandbox, ignore-certificate-errors, --window-size=1000,800, incognito, disable-infobars, disable-gpu, disable-default-apps, disable-popup-blocking, remote-allow-origins=*, --headless=chrome, --headless], extensions: []}}], desiredCapabilities=Capabilities {acceptInsecureCerts: true, browserName: chrome, goog:chromeOptions: {args: [remote-allow-origins=*, test-type, no-sandbox, ignore-certificate-errors, --window-size=1000,800, incognito, disable-infobars, disable-gpu, disable-default-apps, disable-popup-blocking, remote-allow-origins=*, test-type, no-sandbox, ignore-certificate-errors, --window-size=1000,800, incognito, disable-infobars, disable-gpu, disable-default-apps, disable-popup-blocking, remote-allow-origins=*, --headless=chrome, --headless], extensions: []}}}]
See below for more details.
Caused by: org.openqa.selenium.SessionNotCreatedException: 
Could not start a new session. Response code 500. Message: unknown error: cannot find Chrome binary 
Host info: host: 'Dishalis-MacBook-Air.local', ip: 'fda0:b8b8:a6c8:f089:cf1:14aa:f9fb:c9cb%en0'
Build info: version: '4.8.1', revision: '8ebccac989'
System info: os.name: 'Mac OS X', os.arch: 'aarch64', os.version: '13.2.1', java.version: '11.0.18'
Driver info: org.openqa.selenium.chrome.ChromeDriver
Command: [null, newSession {capabilities=[Capabilities {acceptInsecureCerts: true, browserName: chrome, goog:chromeOptions: {args: [remote-allow-origins=*, test-type, no-sandbox, ignore-certificate-errors, --window-size=1000,800, incognito, disable-infobars, disable-gpu, disable-default-apps, disable-popup-blocking, remote-allow-origins=*, test-type, no-sandbox, ignore-certificate-errors, --window-size=1000,800, incognito, disable-infobars, disable-gpu, disable-default-apps, disable-popup-blocking, remote-allow-origins=*, --headless=chrome, --headless], extensions: []}}], desiredCapabilities=Capabilities {acceptInsecureCerts: true, browserName: chrome, goog:chromeOptions: {args: [remote-allow-origins=*, test-type, no-sandbox, ignore-certificate-errors, --window-size=1000,800, incognito, disable-infobars, disable-gpu, disable-default-apps, disable-popup-blocking, remote-allow-origins=*, test-type, no-sandbox, ignore-certificate-errors, --window-size=1000,800, incognito, disable-infobars, disable-gpu, disable-default-apps, disable-popup-blocking, remote-allow-origins=*, --headless=chrome, --headless], extensions: []}}}]
]]></error>
    <system-out><![CDATA[00:28:51.321 [main] INFO   - 

-------------------------------------------------------------------------------------
     _______. _______ .______       _______ .__   __.  __  .___________.____    ____ 
    /       ||   ____||   _  \     |   ____||  \ |  | |  | |           |\   \  /   / 
   |   (----`|  |__   |  |_)  |    |  |__   |   \|  | |  | `---|  |----` \   \/   /  
    \   \    |   __|  |      /     |   __|  |  . `  | |  |     |  |       \_    _/   
.----)   |   |  |____ |  |\  \----.|  |____ |  |\   | |  |     |  |         |  |     
|_______/    |_______|| _| `._____||_______||__| \__| |__|     |__|         |__|    
                                                                                     
 News and tutorials at http://www.serenity-bdd.info                                  
 Documentation at https://wakaleo.gitbooks.io/the-serenity-book/content/             
 Join the Serenity Community on Gitter: https://gitter.im/serenity-bdd/serenity-core 
 Serenity BDD Support and Training at http://serenity-bdd.info/#/trainingandsupport  
-------------------------------------------------------------------------------------

00:28:51.324 [main] INFO   - Test Suite Started: Search by keyword
00:28:51.332 [main] INFO   - Test Suite Started: Search by keyword

Scenario: Searching for a term                       &amp#27;[90m# src/test/resources/features/search/search_by_keyword.feature:3&amp#27;[0m
00:28:51.423 [main] INFO   - 
  _____   ___   ___   _____     ___   _____     _     ___   _____   ___   ___  
 |_   _| | __| / __| |_   _|   / __| |_   _|   /_\   | _ \ |_   _| | __| |   \ 
   | |   | _|  \__ \   | |     \__ \   | |    / _ \  |   /   | |   | _|  | |) |
   |_|   |___| |___/   |_|     |___/   |_|   /_/ \_\ |_|_\   |_|   |___| |___/ 

Searching for a term(search-by-keyword;searching-for-a-term)
--------------------------------------------------------------------------------
00:28:51.772 [main] INFO  n.s.c.w.d.ChromeDriverProvider - Starting Chrome driver instance with capabilities:
00:28:51.773 [main] INFO  n.s.c.w.d.ChromeDriverProvider - Capabilities {acceptInsecureCerts: true, browserName: chrome, goog:chromeOptions: {args: [remote-allow-origins=*, test-type, no-sandbox, ignore-certificate-errors, --window-size=1000,800, incognito, disable-infobars, disable-gpu, disable-default-apps, disable-popup-blocking, remote-allow-origins=*, test-type, no-sandbox, ignore-certificate-errors, --window-size=1000,800, incognito, disable-infobars, disable-gpu, disable-default-apps, disable-popup-blocking, remote-allow-origins=*, --headless=chrome, --headless], extensions: []}}
  &amp#27;[31mGiven &amp#27;[0m&amp#27;[31m&amp#27;[0m&amp#27;[31m&amp#27;[1mSergey&amp#27;[0m&amp#27;[31m is researching things on the internet&amp#27;[0m &amp#27;[90m# starter.stepdefinitions.SearchStepDefinitions.researchingThings(net.serenitybdd.screenplay.Actor)&amp#27;[0m
      &amp#27;[31mnet.thucydides.core.webdriver.DriverConfigurationError: Could not instantiate class org.openqa.selenium.chrome.ChromeDriver
	at net.thucydides.core.webdriver.WebDriverFacade.newDriverInstance(WebDriverFacade.java:164)
	at net.thucydides.core.webdriver.WebDriverFacade.newProxyDriver(WebDriverFacade.java:152)
	at net.thucydides.core.webdriver.WebDriverFacade.getProxiedDriver(WebDriverFacade.java:122)
	at net.thucydides.core.webdriver.WebDriverFacade.get(WebDriverFacade.java:192)
	at net.serenitybdd.core.pages.PageObject.openPageAtUrl(PageObject.java:982)
	at net.serenitybdd.core.pages.PageObject.open(PageObject.java:880)
	at net.serenitybdd.core.pages.PageObject.open(PageObject.java:868)
	at net.serenitybdd.screenplay.actions.OpenPageFromClass.performAs(OpenPageFromClass.java:30)
	at net.serenitybdd.screenplay.actions.OpenPageFromClass$ByteBuddy$WgHa7tTX.performAs$accessor$0i6fX6H4(Unknown Source)
	at java.base/jdk.internal.reflect.NativeMethodAccessorImpl.invoke0(Native Method)
	at java.base/jdk.internal.reflect.NativeMethodAccessorImpl.invoke(NativeMethodAccessorImpl.java:62)
	at java.base/jdk.internal.reflect.DelegatingMethodAccessorImpl.invoke(DelegatingMethodAccessorImpl.java:43)
	at java.base/java.lang.reflect.Method.invoke(Method.java:566)
	at net.thucydides.core.steps.StepInterceptor.invokeMethod(StepInterceptor.java:518)
	at net.thucydides.core.steps.StepInterceptor.executeTestStepMethod(StepInterceptor.java:498)
	at net.thucydides.core.steps.StepInterceptor.runTestStep(StepInterceptor.java:472)
	at net.thucydides.core.steps.StepInterceptor.runOrSkipMethod(StepInterceptor.java:211)
	at net.thucydides.core.steps.StepInterceptor.testStepResult(StepInterceptor.java:198)
	at net.thucydides.core.steps.StepInterceptor.intercept(StepInterceptor.java:86)
	at net.thucydides.core.steps.ProxyConfiguration$InterceptorDispatcher.intercept(ProxyConfiguration.java:51)
	at net.serenitybdd.screenplay.actions.OpenPageFromClass$ByteBuddy$WgHa7tTX.performAs(Unknown Source)
	at net.serenitybdd.screenplay.Actor.performTask(Actor.java:296)
	at net.serenitybdd.screenplay.Actor.perform(Actor.java:275)
	at net.serenitybdd.screenplay.Actor.attemptsTo(Actor.java:215)
	at net.serenitybdd.screenplay.Actor.attemptsTo(Actor.java:222)
	at net.serenitybdd.screenplay.AnonymousPerformable.performAs(AnonymousPerformable.java:26)
	at net.serenitybdd.screenplay.AnonymousTask$ByteBuddy$rjjroKUV.performAs$accessor$uQJAbWVv(Unknown Source)
	at java.base/jdk.internal.reflect.NativeMethodAccessorImpl.invoke0(Native Method)
	at java.base/jdk.internal.reflect.NativeMethodAccessorImpl.invoke(NativeMethodAccessorImpl.java:62)
	at java.base/jdk.internal.reflect.DelegatingMethodAccessorImpl.invoke(DelegatingMethodAccessorImpl.java:43)
	at java.base/java.lang.reflect.Method.invoke(Method.java:566)
	at net.thucydides.core.steps.StepInterceptor.invokeMethod(StepInterceptor.java:518)
	at net.thucydides.core.steps.StepInterceptor.executeTestStepMethod(StepInterceptor.java:498)
	at net.thucydides.core.steps.StepInterceptor.runTestStep(StepInterceptor.java:472)
	at net.thucydides.core.steps.StepInterceptor.runOrSkipMethod(StepInterceptor.java:211)
	at net.thucydides.core.steps.StepInterceptor.testStepResult(StepInterceptor.java:198)
	at net.thucydides.core.steps.StepInterceptor.intercept(StepInterceptor.java:86)
	at net.thucydides.core.steps.ProxyConfiguration$InterceptorDispatcher.intercept(ProxyConfiguration.java:51)
	at net.serenitybdd.screenplay.AnonymousTask$ByteBuddy$rjjroKUV.performAs(Unknown Source)
	at net.serenitybdd.screenplay.Actor.performTask(Actor.java:296)
	at net.serenitybdd.screenplay.Actor.perform(Actor.java:275)
	at net.serenitybdd.screenplay.Actor.attemptsTo(Actor.java:215)
	at net.serenitybdd.screenplay.Actor.attemptsTo(Actor.java:222)
	at net.serenitybdd.screenplay.Actor.wasAbleTo(Actor.java:193)
	at cucumber.starter@1.0.0-SNAPSHOT/starter.stepdefinitions.SearchStepDefinitions.researchingThings(SearchStepDefinitions.java:20)
	at ✽.Sergey is researching things on the internet(file:///Users/dishalikhilari/IdeaProjects/serenity-cucumber-starter/src/test/resources/features/search/search_by_keyword.feature:4)
Caused by: net.thucydides.core.webdriver.DriverConfigurationError: WebDriver was unable to create a new instance of type class org.openqa.selenium.chrome.ChromeDriver
WebDriver reported the following message: Could not start a new session. Response code 500. Message: unknown error: cannot find Chrome binary 
Host info: host: 'Dishalis-MacBook-Air.local', ip: 'fda0:b8b8:a6c8:f089:cf1:14aa:f9fb:c9cb%en0'
Build info: version: '4.8.1', revision: '8ebccac989'
System info: os.name: 'Mac OS X', os.arch: 'aarch64', os.version: '13.2.1', java.version: '11.0.18'
Driver info: org.openqa.selenium.chrome.ChromeDriver
Command: [null, newSession {capabilities=[Capabilities {acceptInsecureCerts: true, browserName: chrome, goog:chromeOptions: {args: [remote-allow-origins=*, test-type, no-sandbox, ignore-certificate-errors, --window-size=1000,800, incognito, disable-infobars, disable-gpu, disable-default-apps, disable-popup-blocking, remote-allow-origins=*, test-type, no-sandbox, ignore-certificate-errors, --window-size=1000,800, incognito, disable-infobars, disable-gpu, disable-default-apps, disable-popup-blocking, remote-allow-origins=*, --headless=chrome, --headless], extensions: []}}], desiredCapabilities=Capabilities {acceptInsecureCerts: true, browserName: chrome, goog:chromeOptions: {args: [remote-allow-origins=*, test-type, no-sandbox, ignore-certificate-errors, --window-size=1000,800, incognito, disable-infobars, disable-gpu, disable-default-apps, disable-popup-blocking, remote-allow-origins=*, test-type, no-sandbox, ignore-certificate-errors, --window-size=1000,800, incognito, disable-infobars, disable-gpu, disable-default-apps, disable-popup-blocking, remote-allow-origins=*, --headless=chrome, --headless], extensions: []}}}]
See below for more details.
	at net.thucydides.core.webdriver.WebDriverFactory.newWebdriverInstance(WebDriverFactory.java:150)
	at net.thucydides.core.webdriver.WebDriverFacade.newDriverInstance(WebDriverFacade.java:161)
	at net.thucydides.core.webdriver.WebDriverFacade.newProxyDriver(WebDriverFacade.java:152)
	at net.thucydides.core.webdriver.WebDriverFacade.getProxiedDriver(WebDriverFacade.java:122)
	at net.thucydides.core.webdriver.WebDriverFacade.get(WebDriverFacade.java:192)
	at net.serenitybdd.core.pages.PageObject.openPageAtUrl(PageObject.java:982)
	at net.serenitybdd.core.pages.PageObject.open(PageObject.java:880)
	at net.serenitybdd.core.pages.PageObject.open(PageObject.java:868)
	at net.serenitybdd.screenplay.actions.OpenPageFromClass.performAs(OpenPageFromClass.java:30)
	at net.serenitybdd.screenplay.actions.OpenPageFromClass$ByteBuddy$WgHa7tTX.performAs$accessor$0i6fX6H4(Unknown Source)
	at java.base/jdk.internal.reflect.NativeMethodAccessorImpl.invoke0(Native Method)
	at java.base/jdk.internal.reflect.NativeMethodAccessorImpl.invoke(NativeMethodAccessorImpl.java:62)
	at java.base/jdk.internal.reflect.DelegatingMethodAccessorImpl.invoke(DelegatingMethodAccessorImpl.java:43)
	at java.base/java.lang.reflect.Method.invoke(Method.java:566)
	at net.thucydides.core.steps.StepInterceptor.invokeMethod(StepInterceptor.java:518)
	at net.thucydides.core.steps.StepInterceptor.executeTestStepMethod(StepInterceptor.java:498)
	at net.thucydides.core.steps.StepInterceptor.runTestStep(StepInterceptor.java:472)
	at net.thucydides.core.steps.StepInterceptor.runOrSkipMethod(StepInterceptor.java:211)
	at net.thucydides.core.steps.StepInterceptor.testStepResult(StepInterceptor.java:198)
	at net.thucydides.core.steps.StepInterceptor.intercept(StepInterceptor.java:86)
	at net.thucydides.core.steps.ProxyConfiguration$InterceptorDispatcher.intercept(ProxyConfiguration.java:51)
	at net.serenitybdd.screenplay.actions.OpenPageFromClass$ByteBuddy$WgHa7tTX.performAs(Unknown Source)
	at net.serenitybdd.screenplay.Actor.performTask(Actor.java:296)
	at net.serenitybdd.screenplay.Actor.perform(Actor.java:275)
	at net.serenitybdd.screenplay.Actor.attemptsTo(Actor.java:215)
	at net.serenitybdd.screenplay.Actor.attemptsTo(Actor.java:222)
	at net.serenitybdd.screenplay.AnonymousPerformable.performAs(AnonymousPerformable.java:26)
	at net.serenitybdd.screenplay.AnonymousTask$ByteBuddy$rjjroKUV.performAs$accessor$uQJAbWVv(Unknown Source)
	at java.base/jdk.internal.reflect.NativeMethodAccessorImpl.invoke0(Native Method)
	at java.base/jdk.internal.reflect.NativeMethodAccessorImpl.invoke(NativeMethodAccessorImpl.java:62)
	at java.base/jdk.internal.reflect.DelegatingMethodAccessorImpl.invoke(DelegatingMethodAccessorImpl.java:43)
	at java.base/java.lang.reflect.Method.invoke(Method.java:566)
	at net.thucydides.core.steps.StepInterceptor.invokeMethod(StepInterceptor.java:518)
	at net.thucydides.core.steps.StepInterceptor.executeTestStepMethod(StepInterceptor.java:498)
	at net.thucydides.core.steps.StepInterceptor.runTestStep(StepInterceptor.java:472)
	at net.thucydides.core.steps.StepInterceptor.runOrSkipMethod(StepInterceptor.java:211)
	at net.thucydides.core.steps.StepInterceptor.testStepResult(StepInterceptor.java:198)
	at net.thucydides.core.steps.StepInterceptor.intercept(StepInterceptor.java:86)
	at net.thucydides.core.steps.ProxyConfiguration$InterceptorDispatcher.intercept(ProxyConfiguration.java:51)
	at net.serenitybdd.screenplay.AnonymousTask$ByteBuddy$rjjroKUV.performAs(Unknown Source)
	at net.serenitybdd.screenplay.Actor.performTask(Actor.java:296)
	at net.serenitybdd.screenplay.Actor.perform(Actor.java:275)
	at net.serenitybdd.screenplay.Actor.attemptsTo(Actor.java:215)
	at net.serenitybdd.screenplay.Actor.attemptsTo(Actor.java:222)
	at net.serenitybdd.screenplay.Actor.wasAbleTo(Actor.java:193)
	at cucumber.starter@1.0.0-SNAPSHOT/starter.stepdefinitions.SearchStepDefinitions.researchingThings(SearchStepDefinitions.java:20)
	at java.base/jdk.internal.reflect.NativeMethodAccessorImpl.invoke0(Native Method)
	at java.base/jdk.internal.reflect.NativeMethodAccessorImpl.invoke(NativeMethodAccessorImpl.java:62)
	at java.base/jdk.internal.reflect.DelegatingMethodAccessorImpl.invoke(DelegatingMethodAccessorImpl.java:43)
	at java.base/java.lang.reflect.Method.invoke(Method.java:566)
	at io.cucumber.java.Invoker.doInvoke(Invoker.java:66)
	at io.cucumber.java.Invoker.invoke(Invoker.java:24)
	at io.cucumber.java.AbstractGlueDefinition.invokeMethod(AbstractGlueDefinition.java:47)
	at io.cucumber.java.JavaStepDefinition.execute(JavaStepDefinition.java:29)
	at io.cucumber.core.runner.CoreStepDefinition.execute(CoreStepDefinition.java:66)
	at io.cucumber.core.runner.PickleStepDefinitionMatch.runStep(PickleStepDefinitionMatch.java:63)
	at io.cucumber.core.runner.ExecutionMode$1.execute(ExecutionMode.java:10)
	at io.cucumber.core.runner.TestStep.executeStep(TestStep.java:84)
	at io.cucumber.core.runner.TestStep.run(TestStep.java:56)
	at io.cucumber.core.runner.PickleStepTestStep.run(PickleStepTestStep.java:51)
	at io.cucumber.core.runner.TestCase.run(TestCase.java:84)
	at io.cucumber.core.runner.Runner.runPickle(Runner.java:75)
	at io.cucumber.junit.PickleRunners$NoStepDescriptions.lambda$run$0(PickleRunners.java:151)
	at io.cucumber.core.runtime.CucumberExecutionContext.lambda$runTestCase$5(CucumberExecutionContext.java:130)
	at io.cucumber.core.runtime.RethrowingThrowableCollector.executeAndThrow(RethrowingThrowableCollector.java:23)
	at io.cucumber.core.runtime.CucumberExecutionContext.runTestCase(CucumberExecutionContext.java:130)
	at io.cucumber.junit.PickleRunners$NoStepDescriptions.run(PickleRunners.java:148)
	at io.cucumber.junit.FeatureRunner.runChild(FeatureRunner.java:144)
	at io.cucumber.junit.FeatureRunner.runChild(FeatureRunner.java:28)
	at org.junit.runners.ParentRunner$4.run(ParentRunner.java:331)
	at org.junit.runners.ParentRunner$1.schedule(ParentRunner.java:79)
	at org.junit.runners.ParentRunner.runChildren(ParentRunner.java:329)
	at org.junit.runners.ParentRunner.access$100(ParentRunner.java:66)
	at org.junit.runners.ParentRunner$2.evaluate(ParentRunner.java:293)
	at org.junit.runners.ParentRunner$3.evaluate(ParentRunner.java:306)
	at org.junit.runners.ParentRunner.run(ParentRunner.java:413)
	at io.cucumber.junit.FeatureRunner.run(FeatureRunner.java:137)
	at io.cucumber.junit.CucumberSerenityBaseRunner.runChild(CucumberSerenityBaseRunner.java:330)
	at io.cucumber.junit.CucumberSerenityBaseRunner.runChild(CucumberSerenityBaseRunner.java:51)
	at org.junit.runners.ParentRunner$4.run(ParentRunner.java:331)
	at org.junit.runners.ParentRunner$1.schedule(ParentRunner.java:79)
	at org.junit.runners.ParentRunner.runChildren(ParentRunner.java:329)
	at org.junit.runners.ParentRunner.access$100(ParentRunner.java:66)
	at org.junit.runners.ParentRunner$2.evaluate(ParentRunner.java:293)
	at io.cucumber.junit.CucumberSerenityBaseRunner$RunCucumber.evaluate(CucumberSerenityBaseRunner.java:361)
	at org.junit.runners.ParentRunner$3.evaluate(ParentRunner.java:306)
	at org.junit.runners.ParentRunner.run(ParentRunner.java:413)
	at org.junit.runner.JUnitCore.run(JUnitCore.java:137)
	at org.junit.runner.JUnitCore.run(JUnitCore.java:115)
	at org.junit.vintage.engine.execution.RunnerExecutor.execute(RunnerExecutor.java:42)
	at org.junit.vintage.engine.VintageTestEngine.executeAllChildren(VintageTestEngine.java:80)
	at org.junit.vintage.engine.VintageTestEngine.execute(VintageTestEngine.java:72)
	at org.junit.platform.launcher.core.EngineExecutionOrchestrator.execute(EngineExecutionOrchestrator.java:107)
	at org.junit.platform.launcher.core.EngineExecutionOrchestrator.execute(EngineExecutionOrchestrator.java:88)
	at org.junit.platform.launcher.core.EngineExecutionOrchestrator.lambda$execute$0(EngineExecutionOrchestrator.java:54)
	at org.junit.platform.launcher.core.EngineExecutionOrchestrator.withInterceptedStreams(EngineExecutionOrchestrator.java:67)
	at org.junit.platform.launcher.core.EngineExecutionOrchestrator.execute(EngineExecutionOrchestrator.java:52)
	at org.junit.platform.launcher.core.DefaultLauncher.execute(DefaultLauncher.java:114)
	at org.junit.platform.launcher.core.DefaultLauncher.execute(DefaultLauncher.java:86)
	at org.junit.platform.launcher.core.DefaultLauncherSession$DelegatingLauncher.execute(DefaultLauncherSession.java:86)
	at org.junit.platform.launcher.core.SessionPerRequestLauncher.execute(SessionPerRequestLauncher.java:53)
	at org.apache.maven.surefire.junitplatform.JUnitPlatformProvider.execute(JUnitPlatformProvider.java:188)
	at org.apache.maven.surefire.junitplatform.JUnitPlatformProvider.invokeAllTests(JUnitPlatformProvider.java:154)
	at org.apache.maven.surefire.junitplatform.JUnitPlatformProvider.invoke(JUnitPlatformProvider.java:128)
	at org.apache.maven.surefire.booter.ForkedBooter.runSuitesInProcess(ForkedBooter.java:428)
	at org.apache.maven.surefire.booter.ForkedBooter.execute(ForkedBooter.java:162)
	at org.apache.maven.surefire.booter.ForkedBooter.run(ForkedBooter.java:562)
	at org.apache.maven.surefire.booter.ForkedBooter.main(ForkedBooter.java:548)
Caused by: org.openqa.selenium.SessionNotCreatedException: Could not start a new session. Response code 500. Message: unknown error: cannot find Chrome binary 
Host info: host: 'Dishalis-MacBook-Air.local', ip: 'fda0:b8b8:a6c8:f089:cf1:14aa:f9fb:c9cb%en0'
Build info: version: '4.8.1', revision: '8ebccac989'
System info: os.name: 'Mac OS X', os.arch: 'aarch64', os.version: '13.2.1', java.version: '11.0.18'
Driver info: org.openqa.selenium.chrome.ChromeDriver
Command: [null, newSession {capabilities=[Capabilities {acceptInsecureCerts: true, browserName: chrome, goog:chromeOptions: {args: [remote-allow-origins=*, test-type, no-sandbox, ignore-certificate-errors, --window-size=1000,800, incognito, disable-infobars, disable-gpu, disable-default-apps, disable-popup-blocking, remote-allow-origins=*, test-type, no-sandbox, ignore-certificate-errors, --window-size=1000,800, incognito, disable-infobars, disable-gpu, disable-default-apps, disable-popup-blocking, remote-allow-origins=*, --headless=chrome, --headless], extensions: []}}], desiredCapabilities=Capabilities {acceptInsecureCerts: true, browserName: chrome, goog:chromeOptions: {args: [remote-allow-origins=*, test-type, no-sandbox, ignore-certificate-errors, --window-size=1000,800, incognito, disable-infobars, disable-gpu, disable-default-apps, disable-popup-blocking, remote-allow-origins=*, test-type, no-sandbox, ignore-certificate-errors, --window-size=1000,800, incognito, disable-infobars, disable-gpu, disable-default-apps, disable-popup-blocking, remote-allow-origins=*, --headless=chrome, --headless], extensions: []}}}]
	at org.openqa.selenium.remote.ProtocolHandshake.createSession(ProtocolHandshake.java:148)
	at org.openqa.selenium.remote.ProtocolHandshake.createSession(ProtocolHandshake.java:106)
	at org.openqa.selenium.remote.ProtocolHandshake.createSession(ProtocolHandshake.java:67)
	at org.openqa.selenium.remote.HttpCommandExecutor.execute(HttpCommandExecutor.java:156)
	at org.openqa.selenium.remote.service.DriverCommandExecutor.invokeExecute(DriverCommandExecutor.java:167)
	at org.openqa.selenium.remote.service.DriverCommandExecutor.execute(DriverCommandExecutor.java:142)
	at org.openqa.selenium.remote.RemoteWebDriver.execute(RemoteWebDriver.java:543)
	at org.openqa.selenium.remote.RemoteWebDriver.startSession(RemoteWebDriver.java:229)
	at org.openqa.selenium.remote.RemoteWebDriver.<init>(RemoteWebDriver.java:157)
	at org.openqa.selenium.chromium.ChromiumDriver.<init>(ChromiumDriver.java:101)
	at org.openqa.selenium.chrome.ChromeDriver.<init>(ChromeDriver.java:82)
	at org.openqa.selenium.chrome.ChromeDriver.<init>(ChromeDriver.java:71)
	at net.serenitybdd.core.webdriver.driverproviders.ChromeDriverProvider.newInstance(ChromeDriverProvider.java:73)
	at net.thucydides.core.webdriver.WebDriverFactory.createWebDriver(WebDriverFactory.java:162)
	at net.thucydides.core.webdriver.WebDriverFactory.newWebdriverInstance(WebDriverFactory.java:140)
	... 107 more
&amp#27;[0m
  &amp#27;[36mWhen &amp#27;[0m&amp#27;[36m&amp#27;[0m&amp#27;[36m&amp#27;[1mhe&amp#27;[0m&amp#27;[36m looks up &amp#27;[0m&amp#27;[36m&amp#27;[1m"Cucumber"&amp#27;[0m                        &amp#27;[90m# starter.stepdefinitions.SearchStepDefinitions.searchesFor(net.serenitybdd.screenplay.Actor,java.lang.String)&amp#27;[0m
  &amp#27;[36mThen &amp#27;[0m&amp#27;[36m&amp#27;[0m&amp#27;[36m&amp#27;[1mhe&amp#27;[0m&amp#27;[36m should see information about &amp#27;[0m&amp#27;[36m&amp#27;[1m"Cucumber"&amp#27;[0m    &amp#27;[90m# starter.stepdefinitions.SearchStepDefinitions.should_see_information_about(net.serenitybdd.screenplay.Actor,java.lang.String)&amp#27;[0m
00:28:52.918 [main] ERROR  - 
  _____   ___   ___   _____     ___   ___   ___    ___    ___ 
 |_   _| | __| / __| |_   _|   | __| | _ \ | _ \  / _ \  | _ \
   | |   | _|  \__ \   | |     | _|  |   / |   / | (_) | |   /
   |_|   |___| |___/   |_|     |___| |_|_\ |_|_\  \___/  |_|_\

Searching for a term
---------------------------------------------------------------
00:28:52.942 [main] ERROR  -     Test failed at step: Sergey opens the Wikipedia home page
00:28:52.942 [main] ERROR  -     Could not instantiate class org.openqa.selenium.chrome.ChromeDriver
]]></system-out>
    <system-err><![CDATA[Starting ChromeDriver 112.0.5615.49 (bd2a7bcb881c11e8cfe3078709382934e3916914-refs/branch-heads/5615@{#936}) on port 41692
Only local connections are allowed.
Please see https://chromedriver.chromium.org/security-considerations for suggestions on keeping ChromeDriver safe.
ChromeDriver was started successfully.
]]></system-err>
  </testcase>
</testsuite>